2020-09-11 16:35:02,300 - Utah Base Scenario - INFO - performing calculations...
2020-09-11 16:35:02,357 - Utah Base Scenario - INFO - skimming bike skim from network...
2020-09-11 16:35:02,357 - Utah Base Scenario - INFO - creating network ...
2020-09-11 23:12:12,101 - Utah Base Scenario - INFO - saving bike skim to Model_Inputs...
2020-09-11 23:14:08,857 - Utah Base Scenario - INFO - rec_long home-based trips: 22026
2020-09-11 23:15:19,525 - Utah Base Scenario - INFO - rec_long non-home-based trips: 11013
2020-09-11 23:16:54,619 - Utah Base Scenario - INFO - rec_fam home-based trips: 7616
2020-09-11 23:18:41,561 - Utah Base Scenario - INFO - rec_fam non-home-based trips: 4173
2020-09-11 23:21:19,996 - Utah Base Scenario - INFO - rec_oth home-based trips: 12866
2020-09-11 23:22:17,460 - Utah Base Scenario - INFO - rec_oth non-home-based trips: 7565
2020-09-11 23:23:38,461 - Utah Base Scenario - INFO - work home-based trips: 79429
2020-09-11 23:25:02,717 - Utah Base Scenario - INFO - work non-home-based trips: 60604
2020-09-11 23:26:45,732 - Utah Base Scenario - INFO - sch_grade home-based trips: 23422
2020-09-11 23:28:15,001 - Utah Base Scenario - INFO - sch_grade non-home-based trips: 3958
2020-09-11 23:30:01,715 - Utah Base Scenario - INFO - sch_univ home-based trips: 6720
2020-09-11 23:30:51,885 - Utah Base Scenario - INFO - sch_univ non-home-based trips: 5040
2020-09-11 23:31:59,027 - Utah Base Scenario - INFO - maint home-based trips: 56791
2020-09-11 23:33:15,275 - Utah Base Scenario - INFO - maint non-home-based trips: 23738
2020-09-11 23:34:54,449 - Utah Base Scenario - INFO - disc home-based trips: 37061
2020-09-11 23:36:26,169 - Utah Base Scenario - INFO - disc non-home-based trips: 11822
2020-09-11 23:37:44,928 - Utah Base Scenario - INFO - performing calculations
2020-09-11 23:37:51,730 - Utah Base Scenario - INFO - rec_long trips: 33040.26
2020-09-11 23:38:00,913 - Utah Base Scenario - INFO - rec_fam trips: 11789.82
2020-09-11 23:38:08,565 - Utah Base Scenario - INFO - rec_oth trips: 20431.79
2020-09-11 23:38:16,894 - Utah Base Scenario - INFO - work trips: 140034.14
2020-09-11 23:38:32,302 - Utah Base Scenario - INFO - sch_grade trips: 27380.44
2020-09-11 23:38:51,359 - Utah Base Scenario - INFO - sch_univ trips: 11760.7
2020-09-11 23:39:08,349 - Utah Base Scenario - INFO - maint trips: 80530.86
2020-09-11 23:39:24,396 - Utah Base Scenario - INFO - disc trips: 48883.47
2020-09-11 23:39:26,235 - Utah Base Scenario - INFO - trip sum: 373851
2020-09-11 23:39:26,236 - Utah Base Scenario - INFO - assigning trips to network...
2020-09-12 06:37:37,218 - Utah Base Scenario - INFO - bike miles traveled: 1991124
2020-09-12 06:37:37,219 - Utah Base Scenario - INFO - writing results to bike_vol.csv...
2020-09-12 06:37:38,140 - Utah Base Scenario - INFO - done.
2020-09-17 21:46:55,546 - Utah Base Scenario - INFO - performing calculations...
2020-09-17 21:46:55,563 - Utah Base Scenario - INFO - skimming bike skim from network...
2020-09-17 21:46:55,563 - Utah Base Scenario - INFO - creating network ...
2020-09-17 22:17:51,028 - Utah Base Scenario - INFO - performing calculations...
2020-09-17 22:17:51,034 - Utah Base Scenario - INFO - skimming bike skim from network...
2020-09-17 22:17:51,034 - Utah Base Scenario - INFO - creating network ...
2020-09-18 05:08:33,290 - Utah Base Scenario - INFO - saving bike skim to Model_Inputs...
2020-09-18 05:10:35,770 - Utah Base Scenario - INFO - rec_long home-based trips: 22026
2020-09-18 05:16:19,507 - Utah Base Scenario - INFO - rec_long non-home-based trips: 11013
2020-09-18 05:19:35,501 - Utah Base Scenario - INFO - rec_fam home-based trips: 7616
2020-09-18 05:20:53,592 - Utah Base Scenario - INFO - rec_fam non-home-based trips: 4173
2020-09-18 05:22:39,481 - Utah Base Scenario - INFO - rec_oth home-based trips: 12866
2020-09-18 05:24:25,051 - Utah Base Scenario - INFO - rec_oth non-home-based trips: 7565
2020-09-18 05:25:54,130 - Utah Base Scenario - INFO - work home-based trips: 79429
2020-09-18 05:27:20,432 - Utah Base Scenario - INFO - work non-home-based trips: 60605
2020-09-18 05:29:07,561 - Utah Base Scenario - INFO - sch_grade home-based trips: 23421
2020-09-18 05:30:30,819 - Utah Base Scenario - INFO - sch_grade non-home-based trips: 3958
2020-09-18 05:32:19,651 - Utah Base Scenario - INFO - sch_univ home-based trips: 6720
2020-09-18 05:33:18,294 - Utah Base Scenario - INFO - sch_univ non-home-based trips: 5040
2020-09-18 05:34:40,490 - Utah Base Scenario - INFO - maint home-based trips: 56791
2020-09-18 05:36:01,174 - Utah Base Scenario - INFO - maint non-home-based trips: 23739
2020-09-18 05:37:51,372 - Utah Base Scenario - INFO - disc home-based trips: 37061
2020-09-18 05:39:07,995 - Utah Base Scenario - INFO - disc non-home-based trips: 11822
2020-09-18 05:40:27,760 - Utah Base Scenario - INFO - performing calculations
2020-09-18 05:40:34,924 - Utah Base Scenario - INFO - rec_long trips: 33040.26
2020-09-18 05:40:44,443 - Utah Base Scenario - INFO - rec_fam trips: 11789.82
2020-09-18 05:40:52,302 - Utah Base Scenario - INFO - rec_oth trips: 20431.89
2020-09-18 05:41:00,985 - Utah Base Scenario - INFO - work trips: 140034.99
2020-09-18 05:41:16,599 - Utah Base Scenario - INFO - sch_grade trips: 27380.2
2020-09-18 05:41:40,723 - Utah Base Scenario - INFO - sch_univ trips: 11760.71
2020-09-18 05:42:09,565 - Utah Base Scenario - INFO - maint trips: 80531.02
2020-09-18 05:42:23,538 - Utah Base Scenario - INFO - disc trips: 48883.67
2020-09-18 05:42:25,463 - Utah Base Scenario - INFO - trip sum: 373852
2020-09-18 05:42:25,464 - Utah Base Scenario - INFO - assigning trips to network...
2020-09-18 13:15:27,976 - Utah Base Scenario - INFO - bike miles traveled: 1991454
2020-09-18 13:15:27,976 - Utah Base Scenario - INFO - writing results to bike_vol.csv...
2020-09-18 13:15:28,952 - Utah Base Scenario - INFO - done.
2020-09-25 16:22:21,264 - Utah Base Scenario - INFO - performing calculations...
2020-09-25 16:22:21,270 - Utah Base Scenario - INFO - skimming bike skim from network...
2020-09-25 16:22:21,270 - Utah Base Scenario - INFO - creating network ...
2020-09-25 22:39:38,245 - Utah Base Scenario - INFO - performing calculations...
2020-09-25 22:39:38,251 - Utah Base Scenario - INFO - skimming bike skim from network...
2020-09-25 22:39:38,251 - Utah Base Scenario - INFO - creating network ...
2020-09-28 11:51:27,973 - Utah Base Scenario - INFO - performing calculations...
2020-09-28 11:51:28,010 - Utah Base Scenario - INFO - skimming bike skim from network...
2020-09-28 11:51:28,010 - Utah Base Scenario - INFO - creating network ...
2020-09-29 00:36:04,900 - Utah Base Scenario - INFO - saving bike skim to Model_Inputs...
2020-09-29 10:45:48,727 - Utah Base Scenario - INFO - performing calculations
2020-09-29 10:46:45,438 - Utah Base Scenario - INFO - performing calculations...
2020-09-29 10:46:45,599 - Utah Base Scenario - INFO - reading bike_skim.csv ...
2020-09-29 13:30:17,843 - Utah Base Scenario - INFO - performing calculations...
2020-09-29 13:30:18,109 - Utah Base Scenario - INFO - reading bike_skim.csv ...
2020-09-30 18:06:23,374 - Utah Base Scenario - INFO - performing calculations...
2020-09-30 18:06:23,410 - Utah Base Scenario - INFO - skimming bike skim from network...
2020-09-30 18:06:23,410 - Utah Base Scenario - INFO - creating network ...
2020-10-01 05:32:49,396 - Utah Base Scenario - INFO - saving bike skim to Model_Inputs...
2020-10-01 05:35:23,085 - Utah Base Scenario - INFO - rec_long home-based trips: 22892
2020-10-01 05:42:55,208 - Utah Base Scenario - INFO - rec_long non-home-based trips: 11446
2020-10-01 05:50:26,592 - Utah Base Scenario - INFO - rec_fam home-based trips: 7616
2020-10-01 05:54:22,176 - Utah Base Scenario - INFO - rec_fam non-home-based trips: 4173
2020-10-01 05:56:46,281 - Utah Base Scenario - INFO - rec_oth home-based trips: 12866
2020-10-01 05:58:07,295 - Utah Base Scenario - INFO - rec_oth non-home-based trips: 7565
2020-10-01 06:00:14,134 - Utah Base Scenario - INFO - work home-based trips: 79429
2020-10-01 06:02:06,630 - Utah Base Scenario - INFO - work non-home-based trips: 60605
2020-10-01 06:09:30,414 - Utah Base Scenario - INFO - sch_grade home-based trips: 23421
2020-10-01 06:12:26,419 - Utah Base Scenario - INFO - sch_grade non-home-based trips: 3958
2020-10-01 06:14:47,277 - Utah Base Scenario - INFO - sch_univ home-based trips: 6720
2020-10-01 06:15:49,449 - Utah Base Scenario - INFO - sch_univ non-home-based trips: 5040
2020-10-01 06:17:14,633 - Utah Base Scenario - INFO - maint home-based trips: 56791
2020-10-01 06:19:02,741 - Utah Base Scenario - INFO - maint non-home-based trips: 23739
2020-10-01 06:22:21,298 - Utah Base Scenario - INFO - disc home-based trips: 37061
2020-10-01 06:28:30,068 - Utah Base Scenario - INFO - disc non-home-based trips: 11822
2020-10-01 06:30:23,761 - Utah Base Scenario - INFO - performing calculations
2020-10-01 06:30:43,921 - Utah Base Scenario - INFO - rec_long trips: 34338.25
2020-10-01 06:32:53,177 - Utah Base Scenario - INFO - rec_fam trips: 11789.82
2020-10-01 06:33:19,904 - Utah Base Scenario - INFO - rec_oth trips: 20431.88
2020-10-01 06:34:20,708 - Utah Base Scenario - INFO - work trips: 140034.97
2020-10-01 06:35:11,043 - Utah Base Scenario - INFO - sch_grade trips: 27380.2
2020-10-01 06:38:54,592 - Utah Base Scenario - INFO - sch_univ trips: 11760.71
2020-10-01 06:39:31,024 - Utah Base Scenario - INFO - maint trips: 80531.01
2020-10-01 06:40:08,094 - Utah Base Scenario - INFO - disc trips: 48883.67
2020-10-01 06:40:13,572 - Utah Base Scenario - INFO - trip sum: 375150
2020-10-01 06:40:13,599 - Utah Base Scenario - INFO - assigning trips to network...
2020-10-01 19:12:19,050 - Utah Base Scenario - INFO - bike miles traveled: 2816394
2020-10-01 19:12:19,050 - Utah Base Scenario - INFO - writing results to bike_vol.csv...
2020-10-01 19:12:19,843 - Utah Base Scenario - INFO - done.
2020-12-01 18:05:40,063 - Utah Base Scenario - INFO - performing calculations...
2020-12-01 18:05:40,079 - Utah Base Scenario - INFO - skimming bike skim from network...
2020-12-01 18:05:40,079 - Utah Base Scenario - INFO - creating network ...
2020-12-01 18:06:56,339 - Utah Base Scenario - INFO - performing calculations...
2020-12-01 18:06:56,344 - Utah Base Scenario - INFO - skimming bike skim from network...
2020-12-01 18:06:56,344 - Utah Base Scenario - INFO - creating network ...
2020-12-01 18:18:38,069 - Utah Base Scenario - INFO - performing calculations...
2020-12-01 18:18:38,075 - Utah Base Scenario - INFO - skimming bike skim from network...
2020-12-01 18:18:38,075 - Utah Base Scenario - INFO - creating network ...
2020-12-02 03:03:23,554 - Utah Base Scenario - INFO - saving bike skim to Model_Inputs...
2020-12-02 03:06:10,748 - Utah Base Scenario - INFO - rec_long home-based trips: 21095
2020-12-02 03:12:23,239 - Utah Base Scenario - INFO - rec_long non-home-based trips: 10547
2020-12-02 03:15:33,630 - Utah Base Scenario - INFO - rec_fam home-based trips: 7524
2020-12-02 03:16:55,659 - Utah Base Scenario - INFO - rec_fam non-home-based trips: 4123
2020-12-02 03:22:50,175 - Utah Base Scenario - INFO - rec_oth home-based trips: 12893
2020-12-02 03:23:47,465 - Utah Base Scenario - INFO - rec_oth non-home-based trips: 7581
2020-12-02 08:50:20,136 - Utah Base Scenario - INFO - performing calculations...
2020-12-02 08:50:20,146 - Utah Base Scenario - INFO - skimming bike skim from network...
2020-12-02 08:50:20,146 - Utah Base Scenario - INFO - creating network ...
2020-12-02 18:08:54,474 - Utah Base Scenario - INFO - saving bike skim to Model_Inputs...
2020-12-02 18:11:49,052 - Utah Base Scenario - INFO - rec_long home-based trips: 21095
2020-12-02 18:13:23,624 - Utah Base Scenario - INFO - rec_long non-home-based trips: 10547
2020-12-02 18:15:30,228 - Utah Base Scenario - INFO - rec_fam home-based trips: 7524
2020-12-02 18:16:48,522 - Utah Base Scenario - INFO - rec_fam non-home-based trips: 4123
2020-12-02 18:19:16,393 - Utah Base Scenario - INFO - rec_oth home-based trips: 12893
2020-12-02 18:20:35,582 - Utah Base Scenario - INFO - rec_oth non-home-based trips: 7581
2020-12-02 18:22:37,997 - Utah Base Scenario - INFO - work home-based trips: 74108
2020-12-02 18:23:59,363 - Utah Base Scenario - INFO - work non-home-based trips: 56544
2020-12-02 18:25:58,989 - Utah Base Scenario - INFO - sch_grade home-based trips: 23313
2020-12-02 18:27:28,331 - Utah Base Scenario - INFO - sch_grade non-home-based trips: 3940
2020-12-02 18:29:32,595 - Utah Base Scenario - INFO - sch_univ home-based trips: 6089
2020-12-02 18:30:37,420 - Utah Base Scenario - INFO - sch_univ non-home-based trips: 4567
2020-12-02 18:32:18,290 - Utah Base Scenario - INFO - maint home-based trips: 55436
2020-12-02 19:29:07,241 - Utah Base Scenario - INFO - performing calculations...
2020-12-02 19:29:07,257 - Utah Base Scenario - INFO - skimming bike skim from network...
2020-12-02 19:29:07,257 - Utah Base Scenario - INFO - creating network ...
2020-12-03 02:10:17,604 - Utah Base Scenario - INFO - saving bike skim to Model_Inputs...
2020-12-03 02:11:38,510 - Utah Base Scenario - INFO - rec_long home-based trips: 20990
2020-12-03 02:12:19,449 - Utah Base Scenario - INFO - rec_long non-home-based trips: 10495
2020-12-03 02:13:15,615 - Utah Base Scenario - INFO - rec_fam home-based trips: 7506
2020-12-03 02:13:57,125 - Utah Base Scenario - INFO - rec_fam non-home-based trips: 4113
2020-12-03 02:14:53,262 - Utah Base Scenario - INFO - rec_oth home-based trips: 12367
2020-12-03 02:15:21,836 - Utah Base Scenario - INFO - rec_oth non-home-based trips: 7272
2020-12-03 02:16:05,600 - Utah Base Scenario - INFO - work home-based trips: 73097
2020-12-03 02:16:46,655 - Utah Base Scenario - INFO - work non-home-based trips: 55773
2020-12-03 02:17:42,536 - Utah Base Scenario - INFO - sch_grade home-based trips: 23255
2020-12-03 02:18:23,470 - Utah Base Scenario - INFO - sch_grade non-home-based trips: 3930
2020-12-03 02:19:19,537 - Utah Base Scenario - INFO - sch_univ home-based trips: 6089
2020-12-03 02:19:38,844 - Utah Base Scenario - INFO - sch_univ non-home-based trips: 4567
2020-12-03 02:20:13,275 - Utah Base Scenario - INFO - maint home-based trips: 55307
2020-12-03 02:20:55,625 - Utah Base Scenario - INFO - maint non-home-based trips: 23118
2020-12-03 02:21:54,882 - Utah Base Scenario - INFO - disc home-based trips: 35705
2020-12-03 02:22:37,664 - Utah Base Scenario - INFO - disc non-home-based trips: 11390
2020-12-03 02:23:22,631 - Utah Base Scenario - INFO - performing calculations
2020-12-03 02:23:26,128 - Utah Base Scenario - INFO - rec_long trips: 31486.14
2020-12-03 02:23:31,305 - Utah Base Scenario - INFO - rec_fam trips: 11620.82
2020-12-03 02:23:34,751 - Utah Base Scenario - INFO - rec_oth trips: 19639.65
2020-12-03 02:23:38,080 - Utah Base Scenario - INFO - work trips: 128871.05
2020-12-03 02:23:41,385 - Utah Base Scenario - INFO - sch_grade trips: 27186.24
2020-12-03 02:23:44,709 - Utah Base Scenario - INFO - sch_univ trips: 10656.34
2020-12-03 02:23:48,013 - Utah Base Scenario - INFO - maint trips: 78426.48
2020-12-03 02:23:51,263 - Utah Base Scenario - INFO - disc trips: 47095.58
2020-12-03 02:23:52,356 - Utah Base Scenario - INFO - trip sum: 354982
2020-12-03 02:23:52,356 - Utah Base Scenario - INFO - assigning trips to network...
2020-12-03 09:16:44,896 - Utah Base Scenario - INFO - bike miles traveled: 2690140
2020-12-03 09:16:44,896 - Utah Base Scenario - INFO - writing results to bike_vol.csv...
2020-12-03 09:16:50,047 - Utah Base Scenario - INFO - done.
2021-01-26 16:56:56,964 - Utah Base Scenario - INFO - using 50 zones
2021-01-26 16:56:56,964 - Utah Base Scenario - INFO - performing calculations...
2021-01-26 16:56:56,971 - Utah Base Scenario - INFO - reading bike_skim.csv ...
2021-01-26 16:58:33,246 - Utah Base Scenario - INFO - using 50 zones
2021-01-26 16:58:33,246 - Utah Base Scenario - INFO - performing calculations...
2021-01-26 16:58:33,253 - Utah Base Scenario - INFO - skimming bike skim from network...
2021-01-26 16:58:33,253 - Utah Base Scenario - INFO - creating network ...
2021-01-26 16:59:10,777 - Utah Base Scenario - INFO - using 50 zones
2021-01-26 16:59:10,777 - Utah Base Scenario - INFO - performing calculations...
2021-01-26 16:59:10,784 - Utah Base Scenario - INFO - skimming bike skim from network...
2021-01-26 16:59:10,784 - Utah Base Scenario - INFO - creating network ...
2021-01-27 10:14:15,691 - Utah Base Scenario - INFO - using 50 zones
2021-01-27 10:14:15,695 - Utah Base Scenario - INFO - performing calculations...
2021-01-27 10:14:15,703 - Utah Base Scenario - INFO - skimming bike skim from network...
2021-01-27 10:14:15,703 - Utah Base Scenario - INFO - creating network ...
2021-01-27 10:18:59,202 - Utah Base Scenario - INFO - using 50 zones
2021-01-27 10:18:59,202 - Utah Base Scenario - INFO - performing calculations...
2021-01-27 10:18:59,208 - Utah Base Scenario - INFO - skimming bike skim from network...
2021-01-27 10:18:59,208 - Utah Base Scenario - INFO - creating network ...
2021-01-27 10:33:48,337 - Utah Base Scenario - INFO - using 50 zones
2021-01-27 10:33:48,338 - Utah Base Scenario - INFO - performing calculations...
2021-01-27 10:33:48,344 - Utah Base Scenario - INFO - skimming bike skim from network...
2021-01-27 10:33:48,344 - Utah Base Scenario - INFO - creating network ...
2021-01-27 10:45:21,076 - Utah Base Scenario - INFO - using 50 zones
2021-01-27 10:45:21,077 - Utah Base Scenario - INFO - performing calculations...
2021-01-27 10:45:21,084 - Utah Base Scenario - INFO - skimming bike skim from network...
2021-01-27 10:45:21,084 - Utah Base Scenario - INFO - creating network ...
2021-01-27 10:46:00,975 - Utah Base Scenario - INFO - saving bike skim to Model_Inputs...
2021-01-27 10:46:01,074 - Utah Base Scenario - INFO - rec_long home-based trips: 54
2021-01-27 10:46:01,148 - Utah Base Scenario - INFO - rec_long non-home-based trips: 27
2021-01-27 10:46:01,311 - Utah Base Scenario - INFO - rec_fam home-based trips: 20
2021-01-27 10:46:01,503 - Utah Base Scenario - INFO - rec_fam non-home-based trips: 11
2021-01-27 10:46:01,648 - Utah Base Scenario - INFO - rec_oth home-based trips: 6
2021-01-27 10:46:01,701 - Utah Base Scenario - INFO - rec_oth non-home-based trips: 3
2021-01-27 10:46:01,825 - Utah Base Scenario - INFO - work home-based trips: 148
2021-01-27 10:46:01,959 - Utah Base Scenario - INFO - work non-home-based trips: 113
2021-01-27 10:46:02,019 - Utah Base Scenario - INFO - sch_grade home-based trips: 65
2021-01-27 10:46:02,178 - Utah Base Scenario - INFO - sch_grade non-home-based trips: 11
2021-01-27 10:46:02,302 - Utah Base Scenario - INFO - sch_univ home-based trips: 6
2021-01-27 10:46:02,317 - Utah Base Scenario - INFO - sch_univ non-home-based trips: 4
2021-01-27 10:46:02,385 - Utah Base Scenario - INFO - maint home-based trips: 149
2021-01-27 10:46:02,444 - Utah Base Scenario - INFO - maint non-home-based trips: 62
2021-01-27 10:46:02,599 - Utah Base Scenario - INFO - disc home-based trips: 94
2021-01-27 10:46:02,775 - Utah Base Scenario - INFO - disc non-home-based trips: 30
2021-01-27 10:46:02,904 - Utah Base Scenario - INFO - performing calculations
2021-01-27 10:46:02,904 - Utah Base Scenario - INFO - rec_long trips: 82.08
2021-01-27 10:46:02,904 - Utah Base Scenario - INFO - rec_fam trips: 32.36
2021-01-27 10:46:02,905 - Utah Base Scenario - INFO - rec_oth trips: 10.72
2021-01-27 10:46:02,905 - Utah Base Scenario - INFO - work trips: 261.84
2021-01-27 10:46:02,905 - Utah Base Scenario - INFO - sch_grade trips: 77.13
2021-01-27 10:46:02,905 - Utah Base Scenario - INFO - sch_univ trips: 10.93
2021-01-27 10:46:02,905 - Utah Base Scenario - INFO - maint trips: 211.94
2021-01-27 10:46:02,905 - Utah Base Scenario - INFO - disc trips: 124.14
2021-01-27 10:46:02,905 - Utah Base Scenario - INFO - trip sum: 811
2021-01-27 10:46:02,905 - Utah Base Scenario - INFO - assigning trips to network...
2021-01-27 10:46:02,906 - Utah Base Scenario - INFO - calculating network paths for 166 zone pairs...
2021-01-27 10:46:03,861 - Utah Base Scenario - INFO - bike miles traveled: 5988
2021-01-27 10:46:03,862 - Utah Base Scenario - INFO - writing results to bike_vol.csv...
2021-01-27 10:46:05,614 - Utah Base Scenario - INFO - done.
2021-01-27 16:59:09,514 - Utah Base Scenario - INFO - using 50 zones
2021-01-27 16:59:09,514 - Utah Base Scenario - INFO - performing calculations...
2021-01-27 16:59:09,521 - Utah Base Scenario - INFO - reading bike_skim.csv ...
2021-01-27 16:59:09,568 - Utah Base Scenario - INFO - rec_long home-based trips: 54
2021-01-27 16:59:09,576 - Utah Base Scenario - INFO - rec_long non-home-based trips: 27
2021-01-27 16:59:09,583 - Utah Base Scenario - INFO - rec_fam home-based trips: 20
2021-01-27 16:59:09,586 - Utah Base Scenario - INFO - rec_fam non-home-based trips: 11
2021-01-27 16:59:09,592 - Utah Base Scenario - INFO - rec_oth home-based trips: 6
2021-01-27 16:59:09,595 - Utah Base Scenario - INFO - rec_oth non-home-based trips: 3
2021-01-27 16:59:09,600 - Utah Base Scenario - INFO - work home-based trips: 148
2021-01-27 16:59:09,604 - Utah Base Scenario - INFO - work non-home-based trips: 113
2021-01-27 16:59:09,609 - Utah Base Scenario - INFO - sch_grade home-based trips: 65
2021-01-27 16:59:09,613 - Utah Base Scenario - INFO - sch_grade non-home-based trips: 11
2021-01-27 16:59:09,618 - Utah Base Scenario - INFO - sch_univ home-based trips: 6
2021-01-27 16:59:09,620 - Utah Base Scenario - INFO - sch_univ non-home-based trips: 4
2021-01-27 16:59:09,625 - Utah Base Scenario - INFO - maint home-based trips: 149
2021-01-27 16:59:09,628 - Utah Base Scenario - INFO - maint non-home-based trips: 62
2021-01-27 16:59:09,634 - Utah Base Scenario - INFO - disc home-based trips: 94
2021-01-27 16:59:09,638 - Utah Base Scenario - INFO - disc non-home-based trips: 30
2021-01-27 16:59:09,653 - Utah Base Scenario - INFO - performing calculations
2021-01-27 16:59:09,653 - Utah Base Scenario - INFO - rec_long trips: 82.08
2021-01-27 16:59:09,653 - Utah Base Scenario - INFO - rec_fam trips: 32.36
2021-01-27 16:59:09,654 - Utah Base Scenario - INFO - rec_oth trips: 10.72
2021-01-27 16:59:09,654 - Utah Base Scenario - INFO - work trips: 261.84
2021-01-27 16:59:09,654 - Utah Base Scenario - INFO - sch_grade trips: 77.13
2021-01-27 16:59:09,654 - Utah Base Scenario - INFO - sch_univ trips: 10.93
2021-01-27 16:59:09,654 - Utah Base Scenario - INFO - maint trips: 211.94
2021-01-27 16:59:09,654 - Utah Base Scenario - INFO - disc trips: 124.14
2021-01-27 16:59:09,654 - Utah Base Scenario - INFO - trip sum: 811
2021-01-27 16:59:09,654 - Utah Base Scenario - INFO - assigning trips to network...
2021-01-27 16:59:09,654 - Utah Base Scenario - INFO - creating network ...
2021-01-27 17:00:12,734 - Utah Base Scenario - INFO - using 50 zones
2021-01-27 17:00:12,734 - Utah Base Scenario - INFO - performing calculations...
2021-01-27 17:00:12,740 - Utah Base Scenario - INFO - skimming bike skim from network...
2021-01-27 17:00:12,740 - Utah Base Scenario - INFO - creating network ...
2021-01-27 20:19:09,944 - Utah Base Scenario - INFO - using 50 zones
2021-01-27 20:19:09,946 - Utah Base Scenario - INFO - performing calculations...
2021-01-27 20:19:09,956 - Utah Base Scenario - INFO - skimming bike skim from network...
2021-01-27 20:19:09,956 - Utah Base Scenario - INFO - creating network ...
2021-01-27 20:41:48,038 - Utah Base Scenario - INFO - using 50 zones
2021-01-27 20:41:48,040 - Utah Base Scenario - INFO - performing calculations...
2021-01-27 20:41:48,047 - Utah Base Scenario - INFO - skimming bike skim from network...
2021-01-27 20:41:48,047 - Utah Base Scenario - INFO - creating network ...
2021-01-28 09:06:14,101 - Utah Base Scenario - INFO - using 50 zones
2021-01-28 09:06:14,102 - Utah Base Scenario - INFO - performing calculations...
2021-01-28 09:06:14,109 - Utah Base Scenario - INFO - skimming bike skim from network...
2021-01-28 09:06:14,110 - Utah Base Scenario - INFO - creating network ...
2021-01-28 09:28:55,722 - Utah Base Scenario - INFO - using 50 zones
2021-01-28 09:28:55,724 - Utah Base Scenario - INFO - performing calculations...
2021-01-28 09:28:55,731 - Utah Base Scenario - INFO - skimming bike skim from network...
2021-01-28 09:28:55,731 - Utah Base Scenario - INFO - creating network ...
2021-01-28 09:35:35,526 - Utah Base Scenario - INFO - using 50 zones
2021-01-28 09:35:35,527 - Utah Base Scenario - INFO - performing calculations...
2021-01-28 09:35:35,533 - Utah Base Scenario - INFO - skimming bike skim from network...
2021-01-28 09:35:35,533 - Utah Base Scenario - INFO - creating network ...
2021-01-28 09:44:14,253 - Utah Base Scenario - INFO - using 50 zones
2021-01-28 09:44:14,253 - Utah Base Scenario - INFO - performing calculations...
2021-01-28 09:44:14,259 - Utah Base Scenario - INFO - skimming bike skim from network...
2021-01-28 09:44:14,259 - Utah Base Scenario - INFO - creating network ...
2021-01-28 09:46:07,830 - Utah Base Scenario - INFO - using 50 zones
2021-01-28 09:46:07,831 - Utah Base Scenario - INFO - performing calculations...
2021-01-28 09:46:07,837 - Utah Base Scenario - INFO - skimming bike skim from network...
2021-01-28 09:46:07,837 - Utah Base Scenario - INFO - creating network ...
2021-01-28 09:46:48,750 - Utah Base Scenario - INFO - saving bike skim to Model_Inputs...
2021-01-28 09:46:48,862 - Utah Base Scenario - INFO - rec_long home-based trips: 54
2021-01-28 09:46:48,866 - Utah Base Scenario - INFO - rec_long non-home-based trips: 27
2021-01-28 09:46:48,873 - Utah Base Scenario - INFO - rec_fam home-based trips: 20
2021-01-28 09:46:48,876 - Utah Base Scenario - INFO - rec_fam non-home-based trips: 11
2021-01-28 09:46:48,883 - Utah Base Scenario - INFO - rec_oth home-based trips: 6
2021-01-28 09:46:48,887 - Utah Base Scenario - INFO - rec_oth non-home-based trips: 3
2021-01-28 09:46:48,892 - Utah Base Scenario - INFO - work home-based trips: 148
2021-01-28 09:46:48,895 - Utah Base Scenario - INFO - work non-home-based trips: 113
2021-01-28 09:46:48,901 - Utah Base Scenario - INFO - sch_grade home-based trips: 65
2021-01-28 09:46:48,904 - Utah Base Scenario - INFO - sch_grade non-home-based trips: 11
2021-01-28 09:46:48,909 - Utah Base Scenario - INFO - sch_univ home-based trips: 6
2021-01-28 09:46:48,912 - Utah Base Scenario - INFO - sch_univ non-home-based trips: 4
2021-01-28 09:46:48,917 - Utah Base Scenario - INFO - maint home-based trips: 149
2021-01-28 09:46:48,924 - Utah Base Scenario - INFO - maint non-home-based trips: 62
2021-01-28 09:46:48,938 - Utah Base Scenario - INFO - disc home-based trips: 94
2021-01-28 09:46:48,942 - Utah Base Scenario - INFO - disc non-home-based trips: 30
2021-01-28 09:46:48,958 - Utah Base Scenario - INFO - performing calculations
2021-01-28 09:46:48,958 - Utah Base Scenario - INFO - rec_long trips: 82.08
2021-01-28 09:46:48,958 - Utah Base Scenario - INFO - rec_fam trips: 32.36
2021-01-28 09:46:48,958 - Utah Base Scenario - INFO - rec_oth trips: 10.72
2021-01-28 09:46:48,958 - Utah Base Scenario - INFO - work trips: 261.84
2021-01-28 09:46:48,958 - Utah Base Scenario - INFO - sch_grade trips: 77.13
2021-01-28 09:46:48,958 - Utah Base Scenario - INFO - sch_univ trips: 10.93
2021-01-28 09:46:48,959 - Utah Base Scenario - INFO - maint trips: 211.94
2021-01-28 09:46:48,959 - Utah Base Scenario - INFO - disc trips: 124.14
2021-01-28 09:46:48,959 - Utah Base Scenario - INFO - trip sum: 811
2021-01-28 09:46:48,959 - Utah Base Scenario - INFO - assigning trips to network...
2021-01-28 09:46:48,959 - Utah Base Scenario - INFO - calculating network paths for 166 zone pairs...
2021-01-28 09:46:49,898 - Utah Base Scenario - INFO - bike miles traveled: 5988
2021-01-28 09:46:49,898 - Utah Base Scenario - INFO - writing results to bike_vol.csv...
2021-01-28 09:46:51,661 - Utah Base Scenario - INFO - done.
2021-01-28 09:50:35,582 - Utah Base Scenario - INFO - using 50 zones
2021-01-28 09:50:35,583 - Utah Base Scenario - INFO - performing calculations...
2021-01-28 09:50:35,590 - Utah Base Scenario - INFO - skimming bike skim from network...
2021-01-28 09:50:35,590 - Utah Base Scenario - INFO - creating network ...
2021-01-28 09:51:16,677 - Utah Base Scenario - INFO - saving bike skim to Model_Inputs...
2021-01-28 09:51:16,776 - Utah Base Scenario - INFO - rec_long home-based trips: 54
2021-01-28 09:51:16,780 - Utah Base Scenario - INFO - rec_long non-home-based trips: 27
2021-01-28 09:51:16,786 - Utah Base Scenario - INFO - rec_fam home-based trips: 20
2021-01-28 09:51:16,790 - Utah Base Scenario - INFO - rec_fam non-home-based trips: 11
2021-01-28 09:51:16,795 - Utah Base Scenario - INFO - rec_oth home-based trips: 6
2021-01-28 09:51:16,798 - Utah Base Scenario - INFO - rec_oth non-home-based trips: 3
2021-01-28 09:51:16,803 - Utah Base Scenario - INFO - work home-based trips: 148
2021-01-28 09:51:16,806 - Utah Base Scenario - INFO - work non-home-based trips: 113
2021-01-28 09:51:16,811 - Utah Base Scenario - INFO - sch_grade home-based trips: 65
2021-01-28 09:51:16,815 - Utah Base Scenario - INFO - sch_grade non-home-based trips: 11
2021-01-28 09:51:16,820 - Utah Base Scenario - INFO - sch_univ home-based trips: 6
2021-01-28 09:51:16,822 - Utah Base Scenario - INFO - sch_univ non-home-based trips: 4
2021-01-28 09:51:16,828 - Utah Base Scenario - INFO - maint home-based trips: 149
2021-01-28 09:51:16,830 - Utah Base Scenario - INFO - maint non-home-based trips: 62
2021-01-28 09:51:16,836 - Utah Base Scenario - INFO - disc home-based trips: 94
2021-01-28 09:51:16,840 - Utah Base Scenario - INFO - disc non-home-based trips: 30
2021-01-28 09:51:16,853 - Utah Base Scenario - INFO - performing calculations
2021-01-28 09:51:16,853 - Utah Base Scenario - INFO - rec_long trips: 82.08
2021-01-28 09:51:16,854 - Utah Base Scenario - INFO - rec_fam trips: 32.36
2021-01-28 09:51:16,854 - Utah Base Scenario - INFO - rec_oth trips: 10.72
2021-01-28 09:51:16,854 - Utah Base Scenario - INFO - work trips: 261.84
2021-01-28 09:51:16,854 - Utah Base Scenario - INFO - sch_grade trips: 77.13
2021-01-28 09:51:16,854 - Utah Base Scenario - INFO - sch_univ trips: 10.93
2021-01-28 09:51:16,854 - Utah Base Scenario - INFO - maint trips: 211.94
2021-01-28 09:51:16,854 - Utah Base Scenario - INFO - disc trips: 124.14
2021-01-28 09:51:16,855 - Utah Base Scenario - INFO - trip sum: 811
2021-01-28 09:51:16,855 - Utah Base Scenario - INFO - assigning trips to network...
2021-01-28 09:51:16,855 - Utah Base Scenario - INFO - calculating network paths for 166 zone pairs...
2021-01-28 09:51:17,789 - Utah Base Scenario - INFO - bike miles traveled: 5988
2021-01-28 09:51:17,789 - Utah Base Scenario - INFO - writing results to bike_vol.csv...
2021-01-28 09:51:19,605 - Utah Base Scenario - INFO - done.
2021-01-28 09:52:33,326 - Utah Base Scenario - INFO - using 50 zones
2021-01-28 09:52:33,326 - Utah Base Scenario - INFO - performing calculations...
2021-01-28 09:52:33,333 - Utah Base Scenario - INFO - skimming bike skim from network...
2021-01-28 09:52:33,333 - Utah Base Scenario - INFO - creating network ...
2021-01-28 10:00:33,062 - Utah Base Scenario - INFO - using 50 zones
2021-01-28 10:00:33,063 - Utah Base Scenario - INFO - performing calculations...
2021-01-28 10:00:33,069 - Utah Base Scenario - INFO - skimming bike skim from network...
2021-01-28 10:00:33,069 - Utah Base Scenario - INFO - creating network ...
2021-01-28 10:02:48,881 - Utah Base Scenario - INFO - using 50 zones
2021-01-28 10:02:48,881 - Utah Base Scenario - INFO - performing calculations...
2021-01-28 10:02:48,888 - Utah Base Scenario - INFO - skimming bike skim from network...
2021-01-28 10:02:48,888 - Utah Base Scenario - INFO - creating network ...
2021-01-28 10:12:02,640 - Utah Base Scenario - INFO - using 50 zones
2021-01-28 10:12:02,640 - Utah Base Scenario - INFO - performing calculations...
2021-01-28 10:12:02,646 - Utah Base Scenario - INFO - skimming bike skim from network...
2021-01-28 10:12:02,646 - Utah Base Scenario - INFO - creating network ...
2021-01-28 10:13:53,279 - Utah Base Scenario - INFO - using 50 zones
2021-01-28 10:13:53,280 - Utah Base Scenario - INFO - performing calculations...
2021-01-28 10:13:53,286 - Utah Base Scenario - INFO - skimming bike skim from network...
2021-01-28 10:13:53,286 - Utah Base Scenario - INFO - creating network ...
2021-01-28 10:16:47,250 - Utah Base Scenario - INFO - using 50 zones
2021-01-28 10:16:47,250 - Utah Base Scenario - INFO - performing calculations...
2021-01-28 10:16:47,257 - Utah Base Scenario - INFO - skimming bike skim from network...
2021-01-28 10:16:47,257 - Utah Base Scenario - INFO - creating network ...
2021-01-28 10:24:14,650 - Utah Base Scenario - INFO - saving bike skim to Model_Inputs...
2021-01-28 11:02:58,114 - Utah Base Scenario - INFO - using 50 zones
2021-01-28 11:02:58,115 - Utah Base Scenario - INFO - performing calculations...
2021-01-28 11:02:58,122 - Utah Base Scenario - INFO - reading bike_skim.csv ...
2021-01-28 11:03:19,155 - Utah Base Scenario - INFO - using 50 zones
2021-01-28 11:03:19,156 - Utah Base Scenario - INFO - performing calculations...
2021-01-28 11:03:19,162 - Utah Base Scenario - INFO - skimming bike skim from network...
2021-01-28 11:03:19,162 - Utah Base Scenario - INFO - creating network ...
2021-01-28 11:10:44,977 - Utah Base Scenario - INFO - saving bike skim to Model_Inputs...
2021-01-28 11:18:47,042 - Utah Base Scenario - INFO - using 50 zones
2021-01-28 11:18:47,044 - Utah Base Scenario - INFO - performing calculations...
2021-01-28 11:18:47,050 - Utah Base Scenario - INFO - skimming bike skim from network...
2021-01-28 11:18:47,050 - Utah Base Scenario - INFO - creating network ...
2021-01-28 11:46:48,903 - Utah Base Scenario - INFO - using 50 zones
2021-01-28 11:46:48,903 - Utah Base Scenario - INFO - performing calculations...
2021-01-28 11:46:48,909 - Utah Base Scenario - INFO - skimming bike skim from network...
2021-01-28 11:46:48,909 - Utah Base Scenario - INFO - creating network ...
2021-01-28 12:03:33,478 - Utah Base Scenario - INFO - saving bike skim to Model_Inputs...
2021-01-28 12:03:33,627 - Utah Base Scenario - INFO - rec_long home-based trips: 54
2021-01-28 12:03:33,632 - Utah Base Scenario - INFO - rec_long non-home-based trips: 27
2021-01-28 12:03:33,637 - Utah Base Scenario - INFO - rec_fam home-based trips: 20
2021-01-28 12:03:33,640 - Utah Base Scenario - INFO - rec_fam non-home-based trips: 11
2021-01-28 12:03:33,645 - Utah Base Scenario - INFO - rec_oth home-based trips: 6
2021-01-28 12:03:33,647 - Utah Base Scenario - INFO - rec_oth non-home-based trips: 3
2021-01-28 12:03:33,652 - Utah Base Scenario - INFO - work home-based trips: 148
2021-01-28 12:03:33,654 - Utah Base Scenario - INFO - work non-home-based trips: 113
2021-01-28 12:03:33,660 - Utah Base Scenario - INFO - sch_grade home-based trips: 65
2021-01-28 12:03:33,665 - Utah Base Scenario - INFO - sch_grade non-home-based trips: 11
2021-01-28 12:03:33,670 - Utah Base Scenario - INFO - sch_univ home-based trips: 6
2021-01-28 12:03:33,673 - Utah Base Scenario - INFO - sch_univ non-home-based trips: 4
2021-01-28 12:03:33,678 - Utah Base Scenario - INFO - maint home-based trips: 149
2021-01-28 12:03:33,681 - Utah Base Scenario - INFO - maint non-home-based trips: 62
2021-01-28 12:03:33,687 - Utah Base Scenario - INFO - disc home-based trips: 94
2021-01-28 12:03:33,690 - Utah Base Scenario - INFO - disc non-home-based trips: 30
2021-01-28 12:03:33,705 - Utah Base Scenario - INFO - performing calculations
2021-01-28 12:03:33,706 - Utah Base Scenario - INFO - rec_long trips: 82.06
2021-01-28 12:03:33,706 - Utah Base Scenario - INFO - rec_fam trips: 32.36
2021-01-28 12:03:33,706 - Utah Base Scenario - INFO - rec_oth trips: 10.55
2021-01-28 12:03:33,706 - Utah Base Scenario - INFO - work trips: 261.34
2021-01-28 12:03:33,706 - Utah Base Scenario - INFO - sch_grade trips: 77.13
2021-01-28 12:03:33,706 - Utah Base Scenario - INFO - sch_univ trips: 10.93
2021-01-28 12:03:33,707 - Utah Base Scenario - INFO - maint trips: 211.91
2021-01-28 12:03:33,707 - Utah Base Scenario - INFO - disc trips: 124.1
2021-01-28 12:03:33,707 - Utah Base Scenario - INFO - trip sum: 810
2021-01-28 12:03:33,707 - Utah Base Scenario - INFO - assigning trips to network...
2021-01-28 12:03:33,707 - Utah Base Scenario - INFO - calculating network paths for 140 zone pairs...
2021-01-28 12:03:38,019 - Utah Base Scenario - INFO - bike miles traveled: 5392
2021-01-28 12:03:38,019 - Utah Base Scenario - INFO - writing results to bike_vol.csv...
2021-01-28 12:03:42,618 - Utah Base Scenario - INFO - done.
